TN:
SF:src\index.tsx
FNF:0
FNH:0
DA:6,0
DA:10,0
LF:2
LH:0
BRF:0
BRH:0
end_of_record
TN:
SF:src\setupTest.ts
FNF:0
FNH:0
LF:0
LH:0
BRF:0
BRH:0
end_of_record
TN:
SF:src\api\auth.ts
FN:7,generateUUID
FN:8,(anonymous_1)
FN:15,apiLogin
FN:20,apiUpdateUser
FN:29,apiCreateUser
FN:42,apiGetUser
FN:47,apiCheckEmailExists
FN:50,(anonymous_7)
FN:57,apiDeleteUser
FN:61,apiGetAllUsers
FNF:10
FNH:8
FNDA:6,generateUUID
FNDA:186,(anonymous_1)
FNDA:19,apiLogin
FNDA:5,apiUpdateUser
FNDA:6,apiCreateUser
FNDA:4,apiGetUser
FNDA:8,apiCheckEmailExists
FNDA:54,(anonymous_7)
FNDA:0,apiDeleteUser
FNDA:0,apiGetAllUsers
DA:4,5
DA:8,6
DA:9,186
DA:10,186
DA:11,186
DA:16,19
DA:17,18
DA:21,5
DA:22,5
DA:25,5
DA:26,5
DA:31,6
DA:36,6
DA:38,6
DA:39,6
DA:43,4
DA:44,4
DA:48,8
DA:49,8
DA:50,54
DA:52,0
DA:53,0
DA:58,0
DA:62,0
DA:63,0
LF:25
LH:20
BRDA:4,0,0,5
BRDA:4,0,1,0
BRDA:10,1,0,180
BRDA:10,1,1,6
BRF:4
BRH:3
end_of_record
TN:
SF:src\components\Button.tsx
FN:8,Button
FNF:1
FNH:1
FNDA:165,Button
DA:9,165
LF:1
LH:1
BRDA:8,0,0,0
BRF:1
BRH:0
end_of_record
TN:
SF:src\components\GoogleButton.tsx
FN:11,GoogleButton
FN:12,(anonymous_1)
FNF:2
FNH:2
FNDA:103,GoogleButton
FNDA:2,(anonymous_1)
DA:4,2
DA:12,103
DA:13,2
DA:14,2
DA:18,2
DA:19,0
DA:21,2
DA:22,2
DA:26,103
LF:9
LH:8
BRF:0
BRH:0
end_of_record
TN:
SF:src\components\Input.tsx
FN:8,Input
FNF:1
FNH:1
FNDA:466,Input
DA:9,466
LF:1
LH:1
BRDA:13,0,0,466
BRDA:13,0,1,466
BRDA:19,1,0,466
BRDA:19,1,1,244
BRF:4
BRH:4
end_of_record
TN:
SF:src\pages\SignIn.tsx
FN:50,(anonymous_0)
FN:80,SignIn
FN:101,(anonymous_2)
FN:123,(anonymous_3)
FN:126,(anonymous_4)
FN:144,(anonymous_5)
FN:173,(anonymous_6)
FN:195,(anonymous_7)
FN:201,(anonymous_8)
FN:207,(anonymous_9)
FN:212,(anonymous_10)
FN:214,(anonymous_11)
FN:220,(anonymous_12)
FN:359,(anonymous_13)
FN:377,(anonymous_14)
FN:386,(anonymous_15)
FN:395,(anonymous_16)
FN:402,(anonymous_17)
FN:457,(anonymous_18)
FN:467,(anonymous_19)
FN:472,(anonymous_20)
FN:482,(anonymous_21)
FN:499,(anonymous_22)
FN:503,(anonymous_23)
FN:507,(anonymous_24)
FN:508,(anonymous_25)
FN:510,(anonymous_26)
FNF:27
FNH:14
FNDA:300,(anonymous_0)
FNDA:102,SignIn
FNDA:5,(anonymous_2)
FNDA:0,(anonymous_3)
FNDA:0,(anonymous_4)
FNDA:1,(anonymous_5)
FNDA:0,(anonymous_6)
FNDA:8,(anonymous_7)
FNDA:2,(anonymous_8)
FNDA:1,(anonymous_9)
FNDA:1,(anonymous_10)
FNDA:1,(anonymous_11)
FNDA:1,(anonymous_12)
FNDA:0,(anonymous_13)
FNDA:0,(anonymous_14)
FNDA:0,(anonymous_15)
FNDA:0,(anonymous_16)
FNDA:0,(anonymous_17)
FNDA:45,(anonymous_18)
FNDA:33,(anonymous_19)
FNDA:2,(anonymous_20)
FNDA:1,(anonymous_21)
FNDA:0,(anonymous_22)
FNDA:0,(anonymous_23)
FNDA:0,(anonymous_24)
FNDA:0,(anonymous_25)
FNDA:0,(anonymous_26)
DA:16,1
DA:23,1
DA:24,1
DA:27,1
DA:50,300
DA:64,1
DA:81,102
DA:82,102
DA:83,102
DA:84,102
DA:85,102
DA:86,102
DA:87,102
DA:90,102
DA:91,102
DA:92,102
DA:93,102
DA:96,102
DA:101,102
DA:102,5
DA:104,5
DA:105,2
DA:106,2
DA:109,3
DA:110,3
DA:111,1
DA:112,1
DA:115,2
DA:117,2
DA:118,2
DA:120,2
DA:123,0
DA:126,0
DA:128,2
DA:130,2
DA:131,0
DA:132,2
DA:133,0
DA:134,2
DA:135,0
DA:136,2
DA:137,0
DA:140,2
DA:144,102
DA:145,1
DA:146,1
DA:147,1
DA:150,0
DA:151,0
DA:152,0
DA:153,0
DA:156,0
DA:157,0
DA:158,0
DA:161,0
DA:162,0
DA:163,0
DA:166,0
DA:167,0
DA:168,0
DA:171,0
DA:172,0
DA:173,0
DA:175,0
DA:176,0
DA:177,0
DA:180,0
DA:185,0
DA:186,0
DA:187,0
DA:188,0
DA:189,0
DA:191,0
DA:195,102
DA:196,8
DA:197,8
DA:198,8
DA:200,8
DA:201,6
DA:202,2
DA:207,102
DA:208,1
DA:212,102
DA:213,1
DA:214,1
DA:217,102
DA:221,1
DA:222,1
DA:359,0
DA:377,0
DA:386,0
DA:395,0
DA:402,0
DA:457,45
DA:467,33
DA:472,2
DA:482,1
DA:500,0
DA:503,0
DA:504,0
DA:507,0
DA:508,0
DA:510,0
LF:103
LH:60
BRDA:50,0,0,0
BRDA:104,1,0,2
BRDA:104,1,1,3
BRDA:104,2,0,5
BRDA:104,2,1,3
BRDA:110,3,0,1
BRDA:110,3,1,2
BRDA:120,4,0,2
BRDA:120,4,1,0
BRDA:130,5,0,0
BRDA:130,5,1,2
BRDA:132,6,0,0
BRDA:132,6,1,2
BRDA:132,7,0,2
BRDA:132,7,1,2
BRDA:134,8,0,0
BRDA:134,8,1,2
BRDA:136,9,0,0
BRDA:136,9,1,2
BRDA:145,10,0,1
BRDA:145,10,1,0
BRDA:151,11,0,0
BRDA:151,11,1,0
BRDA:156,12,0,0
BRDA:156,12,1,0
BRDA:156,13,0,0
BRDA:156,13,1,0
BRDA:161,14,0,0
BRDA:161,14,1,0
BRDA:166,15,0,0
BRDA:166,15,1,0
BRDA:175,16,0,0
BRDA:175,16,1,0
BRDA:200,17,0,6
BRDA:200,17,1,2
BRDA:219,18,0,1
BRDA:219,18,1,101
BRDA:227,19,0,101
BRDA:227,19,1,100
BRDA:295,20,0,100
BRDA:295,20,1,8
BRDA:295,20,2,8
BRDA:303,21,0,0
BRDA:303,21,1,8
BRDA:305,22,0,2
BRDA:305,22,1,6
BRDA:312,23,0,8
BRDA:312,23,1,0
BRDA:313,24,0,8
BRDA:313,24,1,6
BRDA:314,25,0,8
BRDA:314,25,1,2
BRDA:325,26,0,0
BRDA:325,26,1,8
BRDA:327,27,0,2
BRDA:327,27,1,6
BRDA:342,28,0,100
BRDA:342,28,1,2
BRDA:465,29,0,1
BRDA:465,29,1,99
BRDA:475,30,0,1
BRDA:475,30,1,99
BRDA:491,31,0,2
BRDA:491,31,1,98
BRF:64
BRH:42
end_of_record
TN:
SF:src\pages\SignUp.tsx
FN:29,(anonymous_0)
FN:42,SignUp
FN:63,(anonymous_2)
FN:64,(anonymous_3)
FN:70,(anonymous_4)
FN:115,(anonymous_5)
FN:141,(anonymous_6)
FN:150,(anonymous_7)
FN:156,(anonymous_8)
FN:301,(anonymous_9)
FN:310,(anonymous_10)
FN:321,(anonymous_11)
FN:326,(anonymous_12)
FN:338,(anonymous_13)
FN:343,(anonymous_14)
FN:358,(anonymous_15)
FN:370,(anonymous_16)
FN:392,(anonymous_17)
FN:401,(anonymous_18)
FN:412,(anonymous_19)
FN:432,(anonymous_20)
FNF:21
FNH:11
FNDA:0,(anonymous_0)
FNDA:61,SignUp
FNDA:41,(anonymous_2)
FNDA:41,(anonymous_3)
FNDA:2,(anonymous_4)
FNDA:0,(anonymous_5)
FNDA:3,(anonymous_6)
FNDA:0,(anonymous_7)
FNDA:0,(anonymous_8)
FNDA:11,(anonymous_9)
FNDA:15,(anonymous_10)
FNDA:11,(anonymous_11)
FNDA:0,(anonymous_12)
FNDA:11,(anonymous_13)
FNDA:0,(anonymous_14)
FNDA:2,(anonymous_15)
FNDA:2,(anonymous_16)
FNDA:0,(anonymous_17)
FNDA:0,(anonymous_18)
FNDA:0,(anonymous_19)
FNDA:0,(anonymous_20)
DA:22,1
DA:29,1
DA:43,61
DA:54,61
DA:55,61
DA:56,61
DA:57,61
DA:58,61
DA:61,61
DA:63,61
DA:64,41
DA:70,61
DA:71,2
DA:73,2
DA:74,1
DA:75,1
DA:78,1
DA:79,1
DA:80,0
DA:81,0
DA:84,1
DA:85,0
DA:86,0
DA:89,1
DA:90,0
DA:91,0
DA:94,1
DA:95,0
DA:101,0
DA:102,0
DA:106,1
DA:108,1
DA:109,1
DA:110,1
DA:115,0
DA:116,0
DA:126,0
DA:129,1
DA:130,1
DA:131,0
DA:133,1
DA:134,0
DA:137,1
DA:141,61
DA:145,3
DA:146,3
DA:147,3
DA:149,3
DA:150,2
DA:151,0
DA:156,61
DA:157,0
DA:160,61
DA:301,11
DA:310,15
DA:321,11
DA:326,0
DA:338,11
DA:343,0
DA:358,2
DA:370,2
DA:392,0
DA:401,0
DA:413,0
DA:433,0
LF:65
LH:43
BRDA:73,0,0,1
BRDA:73,0,1,1
BRDA:73,1,0,2
BRDA:73,1,1,1
BRDA:73,1,2,1
BRDA:79,2,0,0
BRDA:79,2,1,1
BRDA:84,3,0,0
BRDA:84,3,1,1
BRDA:89,4,0,0
BRDA:89,4,1,1
BRDA:94,5,0,0
BRDA:94,5,1,1
BRDA:95,6,0,0
BRDA:95,6,1,0
BRDA:96,7,0,0
BRDA:96,7,1,0
BRDA:96,7,2,0
BRDA:96,7,3,0
BRDA:130,8,0,0
BRDA:130,8,1,1
BRDA:133,9,0,0
BRDA:133,9,1,1
BRDA:149,10,0,2
BRDA:149,10,1,1
BRDA:235,11,0,61
BRDA:235,11,1,3
BRDA:235,11,2,3
BRDA:238,12,0,3
BRDA:238,12,1,0
BRDA:242,13,0,0
BRDA:242,13,1,3
BRDA:244,14,0,1
BRDA:244,14,1,2
BRDA:251,15,0,3
BRDA:251,15,1,0
BRDA:254,16,0,3
BRDA:254,16,1,2
BRDA:257,17,0,3
BRDA:257,17,1,1
BRDA:319,18,0,0
BRDA:319,18,1,61
BRDA:329,19,0,0
BRDA:329,19,1,61
BRDA:336,20,0,0
BRDA:336,20,1,61
BRDA:346,21,0,0
BRDA:346,21,1,61
BRDA:360,22,0,8
BRDA:360,22,1,53
BRDA:372,23,0,53
BRDA:372,23,1,8
BRDA:384,24,0,61
BRDA:384,24,1,8
BRDA:391,25,0,8
BRDA:391,25,1,8
BRDA:400,26,0,8
BRDA:400,26,1,8
BRDA:411,27,0,8
BRDA:411,27,1,8
BRDA:431,28,0,8
BRDA:431,28,1,8
BRDA:454,29,0,1
BRDA:454,29,1,60
BRF:64
BRH:45
end_of_record
TN:
SF:src\services\AuthService.ts
FN:44,(anonymous_0)
FN:55,(anonymous_1)
FN:80,(anonymous_2)
FN:138,(anonymous_3)
FN:156,(anonymous_4)
FN:178,(anonymous_5)
FN:198,(anonymous_6)
FN:214,(anonymous_7)
FN:244,(anonymous_8)
FN:284,(anonymous_9)
FNF:10
FNH:8
FNDA:7,(anonymous_0)
FNDA:31,(anonymous_1)
FNDA:11,(anonymous_2)
FNDA:3,(anonymous_3)
FNDA:3,(anonymous_4)
FNDA:1,(anonymous_5)
FNDA:1,(anonymous_6)
FNDA:0,(anonymous_7)
FNDA:2,(anonymous_8)
FNDA:0,(anonymous_9)
DA:45,7
DA:46,1
DA:49,6
DA:51,6
DA:54,6
DA:55,31
DA:58,6
DA:59,2
DA:60,2
DA:63,4
DA:69,4
DA:71,2
DA:72,2
DA:75,0
DA:76,0
DA:82,11
DA:83,1
DA:87,10
DA:88,10
DA:89,1
DA:93,9
DA:94,1
DA:98,8
DA:99,4
DA:100,1
DA:104,3
DA:105,3
DA:106,1
DA:110,6
DA:112,6
DA:113,6
DA:114,2
DA:118,4
DA:120,4
DA:127,4
DA:129,2
DA:130,2
DA:133,0
DA:134,0
DA:139,3
DA:140,0
DA:144,3
DA:145,3
DA:146,0
DA:149,3
DA:150,0
DA:153,3
DA:155,3
DA:156,3
DA:158,3
DA:159,1
DA:163,2
DA:167,2
DA:169,1
DA:170,1
DA:173,0
DA:174,0
DA:179,1
DA:180,0
DA:183,1
DA:184,1
DA:186,1
DA:187,1
DA:189,0
DA:190,0
DA:193,0
DA:194,0
DA:199,1
DA:200,0
DA:204,1
DA:205,0
DA:206,0
DA:207,0
DA:211,0
DA:212,0
DA:213,0
DA:214,0
DA:215,0
DA:216,0
DA:222,1
DA:223,0
DA:224,0
DA:225,0
DA:229,1
DA:230,1
DA:232,1
DA:233,1
DA:235,0
DA:236,0
DA:239,0
DA:240,0
DA:245,2
DA:246,0
DA:249,2
DA:250,0
DA:253,2
DA:254,0
DA:257,2
DA:259,2
DA:261,2
DA:262,1
DA:266,1
DA:270,1
DA:272,1
DA:273,1
DA:275,0
DA:276,0
DA:279,0
DA:280,0
DA:285,0
DA:286,0
DA:287,0
DA:289,0
LF:113
LH:71
BRDA:45,0,0,1
BRDA:45,0,1,6
BRDA:45,1,0,7
BRDA:45,1,1,6
BRDA:55,2,0,31
BRDA:55,2,1,4
BRDA:58,3,0,2
BRDA:58,3,1,4
BRDA:71,4,0,2
BRDA:71,4,1,0
BRDA:76,5,0,0
BRDA:76,5,1,0
BRDA:82,6,0,1
BRDA:82,6,1,10
BRDA:82,7,0,11
BRDA:82,7,1,10
BRDA:82,7,2,10
BRDA:82,7,3,10
BRDA:88,8,0,1
BRDA:88,8,1,9
BRDA:93,9,0,1
BRDA:93,9,1,8
BRDA:98,10,0,4
BRDA:98,10,1,4
BRDA:99,11,0,1
BRDA:99,11,1,3
BRDA:99,12,0,4
BRDA:99,12,1,3
BRDA:99,12,2,3
BRDA:99,12,3,3
BRDA:105,13,0,1
BRDA:105,13,1,2
BRDA:113,14,0,2
BRDA:113,14,1,4
BRDA:129,15,0,2
BRDA:129,15,1,0
BRDA:134,16,0,0
BRDA:134,16,1,0
BRDA:139,17,0,0
BRDA:139,17,1,3
BRDA:139,18,0,3
BRDA:139,18,1,3
BRDA:145,19,0,0
BRDA:145,19,1,3
BRDA:149,20,0,0
BRDA:149,20,1,3
BRDA:158,21,0,1
BRDA:158,21,1,2
BRDA:169,22,0,1
BRDA:169,22,1,0
BRDA:174,23,0,0
BRDA:174,23,1,0
BRDA:179,24,0,0
BRDA:179,24,1,1
BRDA:189,25,0,0
BRDA:189,25,1,0
BRDA:199,26,0,0
BRDA:199,26,1,1
BRDA:204,27,0,0
BRDA:204,27,1,1
BRDA:206,28,0,0
BRDA:206,28,1,0
BRDA:212,29,0,0
BRDA:212,29,1,0
BRDA:215,30,0,0
BRDA:215,30,1,0
BRDA:215,31,0,0
BRDA:215,31,1,0
BRDA:222,32,0,0
BRDA:222,32,1,1
BRDA:224,33,0,0
BRDA:224,33,1,0
BRDA:235,34,0,0
BRDA:235,34,1,0
BRDA:245,35,0,0
BRDA:245,35,1,2
BRDA:245,36,0,2
BRDA:245,36,1,2
BRDA:245,36,2,2
BRDA:249,37,0,0
BRDA:249,37,1,2
BRDA:253,38,0,0
BRDA:253,38,1,2
BRDA:261,39,0,1
BRDA:261,39,1,1
BRDA:272,40,0,1
BRDA:272,40,1,0
BRDA:275,41,0,0
BRDA:275,41,1,0
BRF:89
BRH:53
end_of_record
TN:
SF:src\utils\logger.ts
FN:2,(anonymous_0)
FN:6,(anonymous_1)
FN:10,(anonymous_2)
FNF:3
FNH:2
FNDA:13,(anonymous_0)
FNDA:0,(anonymous_1)
FNDA:2,(anonymous_2)
DA:3,13
DA:7,0
DA:11,2
LF:3
LH:2
BRF:0
BRH:0
end_of_record
