TN:
SF:src\index.tsx
FNF:0
FNH:0
DA:6,0
DA:10,0
LF:2
LH:0
BRF:0
BRH:0
end_of_record
TN:
SF:src\setupTest.ts
FNF:0
FNH:0
LF:0
LH:0
BRF:0
BRH:0
end_of_record
TN:
SF:src\api\auth.ts
FN:7,generateUUID
FN:8,(anonymous_1)
FN:15,apiLogin
FN:20,apiUpdateUser
FN:29,apiCreateUser
FN:42,apiGetUser
FN:47,apiCheckEmailExists
FN:50,(anonymous_7)
FN:57,apiDeleteUser
FN:61,apiGetAllUsers
FNF:10
FNH:8
FNDA:2,generateUUID
FNDA:62,(anonymous_1)
FNDA:4,apiLogin
FNDA:1,apiUpdateUser
FNDA:2,apiCreateUser
FNDA:2,apiGetUser
FNDA:2,apiCheckEmailExists
FNDA:1,(anonymous_7)
FNDA:0,apiDeleteUser
FNDA:0,apiGetAllUsers
DA:4,5
DA:8,2
DA:9,62
DA:10,62
DA:11,62
DA:16,4
DA:17,3
DA:21,1
DA:22,1
DA:25,1
DA:26,1
DA:31,2
DA:36,2
DA:38,2
DA:39,2
DA:43,2
DA:44,1
DA:48,2
DA:49,2
DA:50,2
DA:52,0
DA:53,0
DA:58,0
DA:62,0
DA:63,0
LF:25
LH:20
BRDA:4,0,0,5
BRDA:4,0,1,0
BRDA:10,1,0,60
BRDA:10,1,1,2
BRF:4
BRH:3
end_of_record
TN:
SF:src\components\Button.tsx
FN:8,Button
FNF:1
FNH:1
FNDA:233,Button
DA:9,233
LF:1
LH:1
BRDA:8,0,0,0
BRF:1
BRH:0
end_of_record
TN:
SF:src\components\GoogleButton.tsx
FN:11,GoogleButton
FN:12,(anonymous_1)
FNF:2
FNH:2
FNDA:168,GoogleButton
FNDA:2,(anonymous_1)
DA:4,2
DA:12,168
DA:13,2
DA:14,2
DA:18,2
DA:19,0
DA:21,2
DA:22,2
DA:26,168
LF:9
LH:8
BRF:0
BRH:0
end_of_record
TN:
SF:src\components\Input.tsx
FN:8,Input
FNF:1
FNH:1
FNDA:597,Input
DA:9,597
LF:1
LH:1
BRDA:13,0,0,597
BRDA:13,0,1,597
BRDA:19,1,0,597
BRDA:19,1,1,308
BRF:4
BRH:4
end_of_record
TN:
SF:src\pages\SignIn.tsx
FN:50,(anonymous_0)
FN:80,SignIn
FN:99,(anonymous_2)
FN:121,(anonymous_3)
FN:124,(anonymous_4)
FN:142,(anonymous_5)
FN:166,(anonymous_6)
FN:172,(anonymous_7)
FN:178,(anonymous_8)
FN:183,(anonymous_9)
FN:185,(anonymous_10)
FN:191,(anonymous_11)
FN:330,(anonymous_12)
FN:348,(anonymous_13)
FN:355,(anonymous_14)
FN:410,(anonymous_15)
FN:420,(anonymous_16)
FN:425,(anonymous_17)
FN:435,(anonymous_18)
FN:453,(anonymous_19)
FN:457,(anonymous_20)
FN:461,(anonymous_21)
FN:462,(anonymous_22)
FN:464,(anonymous_23)
FNF:24
FNH:14
FNDA:495,(anonymous_0)
FNDA:169,SignIn
FNDA:7,(anonymous_2)
FNDA:0,(anonymous_3)
FNDA:0,(anonymous_4)
FNDA:1,(anonymous_5)
FNDA:12,(anonymous_6)
FNDA:5,(anonymous_7)
FNDA:1,(anonymous_8)
FNDA:2,(anonymous_9)
FNDA:2,(anonymous_10)
FNDA:1,(anonymous_11)
FNDA:0,(anonymous_12)
FNDA:0,(anonymous_13)
FNDA:0,(anonymous_14)
FNDA:77,(anonymous_15)
FNDA:57,(anonymous_16)
FNDA:2,(anonymous_17)
FNDA:2,(anonymous_18)
FNDA:0,(anonymous_19)
FNDA:0,(anonymous_20)
FNDA:0,(anonymous_21)
FNDA:0,(anonymous_22)
FNDA:0,(anonymous_23)
DA:16,1
DA:23,1
DA:24,1
DA:27,1
DA:50,495
DA:64,1
DA:81,169
DA:82,169
DA:83,169
DA:84,169
DA:85,169
DA:86,169
DA:87,169
DA:90,169
DA:91,169
DA:94,169
DA:99,169
DA:100,7
DA:102,7
DA:103,2
DA:104,2
DA:107,5
DA:108,5
DA:109,1
DA:110,1
DA:113,4
DA:115,4
DA:116,4
DA:118,4
DA:121,0
DA:124,0
DA:126,4
DA:128,4
DA:129,0
DA:130,4
DA:131,0
DA:132,4
DA:133,0
DA:134,4
DA:135,0
DA:138,4
DA:142,169
DA:143,1
DA:144,1
DA:145,1
DA:148,0
DA:149,0
DA:150,0
DA:151,0
DA:154,0
DA:156,0
DA:157,0
DA:158,0
DA:159,0
DA:160,0
DA:162,0
DA:166,169
DA:167,12
DA:168,12
DA:169,12
DA:171,12
DA:172,8
DA:173,5
DA:178,169
DA:179,1
DA:183,169
DA:184,2
DA:185,2
DA:188,169
DA:192,1
DA:193,1
DA:330,0
DA:348,0
DA:355,0
DA:410,77
DA:420,57
DA:425,2
DA:435,2
DA:454,0
DA:457,0
DA:458,0
DA:461,0
DA:462,0
DA:464,0
LF:84
LH:58
BRDA:50,0,0,0
BRDA:102,1,0,2
BRDA:102,1,1,5
BRDA:102,2,0,7
BRDA:102,2,1,5
BRDA:108,3,0,1
BRDA:108,3,1,4
BRDA:118,4,0,4
BRDA:118,4,1,0
BRDA:128,5,0,0
BRDA:128,5,1,4
BRDA:130,6,0,0
BRDA:130,6,1,4
BRDA:130,7,0,4
BRDA:130,7,1,4
BRDA:132,8,0,0
BRDA:132,8,1,4
BRDA:134,9,0,0
BRDA:134,9,1,4
BRDA:143,10,0,1
BRDA:143,10,1,0
BRDA:149,11,0,0
BRDA:149,11,1,0
BRDA:162,12,0,0
BRDA:162,12,1,0
BRDA:171,13,0,8
BRDA:171,13,1,4
BRDA:190,14,0,2
BRDA:190,14,1,167
BRDA:198,15,0,167
BRDA:198,15,1,165
BRDA:266,16,0,165
BRDA:266,16,1,12
BRDA:266,16,2,12
BRDA:274,17,0,0
BRDA:274,17,1,12
BRDA:276,18,0,4
BRDA:276,18,1,8
BRDA:283,19,0,12
BRDA:283,19,1,0
BRDA:284,20,0,12
BRDA:284,20,1,8
BRDA:285,21,0,12
BRDA:285,21,1,4
BRDA:296,22,0,0
BRDA:296,22,1,12
BRDA:298,23,0,4
BRDA:298,23,1,8
BRDA:313,24,0,165
BRDA:313,24,1,3
BRDA:418,25,0,1
BRDA:418,25,1,164
BRDA:428,26,0,1
BRDA:428,26,1,164
BRDA:444,27,0,4
BRDA:444,27,1,161
BRF:56
BRH:42
end_of_record
TN:
SF:src\pages\SignUp.tsx
FN:29,(anonymous_0)
FN:42,SignUp
FN:63,(anonymous_2)
FN:64,(anonymous_3)
FN:70,(anonymous_4)
FN:115,(anonymous_5)
FN:131,(anonymous_6)
FN:140,(anonymous_7)
FN:146,(anonymous_8)
FN:291,(anonymous_9)
FN:300,(anonymous_10)
FN:311,(anonymous_11)
FN:316,(anonymous_12)
FN:328,(anonymous_13)
FN:333,(anonymous_14)
FN:348,(anonymous_15)
FN:360,(anonymous_16)
FN:382,(anonymous_17)
FN:391,(anonymous_18)
FN:402,(anonymous_19)
FN:422,(anonymous_20)
FNF:21
FNH:11
FNDA:0,(anonymous_0)
FNDA:62,SignUp
FNDA:42,(anonymous_2)
FNDA:42,(anonymous_3)
FNDA:2,(anonymous_4)
FNDA:0,(anonymous_5)
FNDA:3,(anonymous_6)
FNDA:0,(anonymous_7)
FNDA:0,(anonymous_8)
FNDA:11,(anonymous_9)
FNDA:15,(anonymous_10)
FNDA:11,(anonymous_11)
FNDA:0,(anonymous_12)
FNDA:11,(anonymous_13)
FNDA:0,(anonymous_14)
FNDA:2,(anonymous_15)
FNDA:3,(anonymous_16)
FNDA:0,(anonymous_17)
FNDA:0,(anonymous_18)
FNDA:0,(anonymous_19)
FNDA:0,(anonymous_20)
DA:22,1
DA:29,1
DA:43,62
DA:54,62
DA:55,62
DA:56,62
DA:57,62
DA:58,62
DA:61,62
DA:63,62
DA:64,42
DA:70,62
DA:71,2
DA:73,2
DA:74,1
DA:75,1
DA:78,1
DA:79,1
DA:80,0
DA:81,0
DA:84,1
DA:85,0
DA:86,0
DA:89,1
DA:90,0
DA:91,0
DA:94,1
DA:95,0
DA:101,0
DA:102,0
DA:106,1
DA:108,1
DA:109,1
DA:110,1
DA:115,0
DA:116,0
DA:119,1
DA:120,1
DA:121,0
DA:123,1
DA:124,0
DA:127,1
DA:131,62
DA:135,3
DA:136,3
DA:137,3
DA:139,3
DA:140,2
DA:141,0
DA:146,62
DA:147,0
DA:150,62
DA:291,11
DA:300,15
DA:311,11
DA:316,0
DA:328,11
DA:333,0
DA:348,2
DA:360,3
DA:382,0
DA:391,0
DA:403,0
DA:423,0
LF:64
LH:43
BRDA:73,0,0,1
BRDA:73,0,1,1
BRDA:73,1,0,2
BRDA:73,1,1,1
BRDA:73,1,2,1
BRDA:79,2,0,0
BRDA:79,2,1,1
BRDA:84,3,0,0
BRDA:84,3,1,1
BRDA:89,4,0,0
BRDA:89,4,1,1
BRDA:94,5,0,0
BRDA:94,5,1,1
BRDA:95,6,0,0
BRDA:95,6,1,0
BRDA:96,7,0,0
BRDA:96,7,1,0
BRDA:96,7,2,0
BRDA:96,7,3,0
BRDA:120,8,0,0
BRDA:120,8,1,1
BRDA:123,9,0,0
BRDA:123,9,1,1
BRDA:139,10,0,2
BRDA:139,10,1,1
BRDA:225,11,0,62
BRDA:225,11,1,3
BRDA:225,11,2,3
BRDA:228,12,0,3
BRDA:228,12,1,0
BRDA:232,13,0,0
BRDA:232,13,1,3
BRDA:234,14,0,1
BRDA:234,14,1,2
BRDA:241,15,0,3
BRDA:241,15,1,0
BRDA:244,16,0,3
BRDA:244,16,1,2
BRDA:247,17,0,3
BRDA:247,17,1,1
BRDA:309,18,0,0
BRDA:309,18,1,62
BRDA:319,19,0,0
BRDA:319,19,1,62
BRDA:326,20,0,0
BRDA:326,20,1,62
BRDA:336,21,0,0
BRDA:336,21,1,62
BRDA:350,22,0,8
BRDA:350,22,1,54
BRDA:362,23,0,54
BRDA:362,23,1,8
BRDA:374,24,0,62
BRDA:374,24,1,8
BRDA:381,25,0,8
BRDA:381,25,1,8
BRDA:390,26,0,8
BRDA:390,26,1,8
BRDA:401,27,0,8
BRDA:401,27,1,8
BRDA:421,28,0,8
BRDA:421,28,1,8
BRDA:444,29,0,1
BRDA:444,29,1,61
BRF:64
BRH:45
end_of_record
TN:
SF:src\services\AuthService.ts
FN:65,(anonymous_0)
FN:101,(anonymous_1)
FN:189,(anonymous_2)
FN:214,(anonymous_3)
FN:245,(anonymous_4)
FN:265,(anonymous_5)
FN:281,(anonymous_6)
FN:311,(anonymous_7)
FN:351,(anonymous_8)
FNF:9
FNH:7
FNDA:5,(anonymous_0)
FNDA:10,(anonymous_1)
FNDA:3,(anonymous_2)
FNDA:2,(anonymous_3)
FNDA:1,(anonymous_4)
FNDA:1,(anonymous_5)
FNDA:0,(anonymous_6)
FNDA:2,(anonymous_7)
FNDA:0,(anonymous_8)
DA:5,5
DA:66,5
DA:67,1
DA:70,4
DA:72,4
DA:77,1
DA:80,1
DA:81,1
DA:83,1
DA:89,1
DA:91,3
DA:92,3
DA:93,3
DA:96,0
DA:97,0
DA:103,10
DA:104,1
DA:108,9
DA:109,9
DA:110,1
DA:114,8
DA:115,1
DA:119,7
DA:120,4
DA:121,2
DA:125,2
DA:126,2
DA:127,1
DA:131,4
DA:133,4
DA:148,2
DA:160,2
DA:167,2
DA:169,2
DA:170,2
DA:171,2
DA:172,1
DA:174,1
DA:175,0
DA:178,1
DA:179,1
DA:180,1
DA:184,0
DA:185,0
DA:190,3
DA:191,0
DA:195,3
DA:196,3
DA:197,1
DA:200,2
DA:202,2
DA:206,1
DA:208,1
DA:210,1
DA:215,2
DA:216,0
DA:219,2
DA:220,1
DA:223,1
DA:224,0
DA:227,1
DA:229,1
DA:235,1
DA:237,0
DA:238,0
DA:239,0
DA:241,0
DA:246,1
DA:247,0
DA:250,1
DA:251,1
DA:253,0
DA:254,0
DA:256,1
DA:257,0
DA:260,1
DA:261,1
DA:266,1
DA:267,0
DA:271,1
DA:272,1
DA:273,1
DA:274,1
DA:278,0
DA:279,0
DA:280,0
DA:281,0
DA:282,0
DA:283,0
DA:289,0
DA:290,0
DA:291,0
DA:292,0
DA:296,0
DA:297,0
DA:299,0
DA:300,0
DA:302,0
DA:303,0
DA:306,0
DA:307,0
DA:312,2
DA:313,0
DA:316,2
DA:317,1
DA:320,1
DA:321,1
DA:324,0
DA:326,0
DA:328,0
DA:329,0
DA:333,0
DA:337,0
DA:339,0
DA:340,0
DA:342,0
DA:343,0
DA:346,0
DA:347,0
DA:352,0
DA:353,0
DA:354,0
DA:356,0
LF:123
LH:71
BRDA:5,0,0,5
BRDA:5,0,1,0
BRDA:66,1,0,1
BRDA:66,1,1,4
BRDA:66,2,0,5
BRDA:66,2,1,4
BRDA:91,3,0,3
BRDA:91,3,1,0
BRDA:97,4,0,0
BRDA:97,4,1,0
BRDA:103,5,0,1
BRDA:103,5,1,9
BRDA:103,6,0,10
BRDA:103,6,1,9
BRDA:103,6,2,9
BRDA:103,6,3,9
BRDA:109,7,0,1
BRDA:109,7,1,8
BRDA:114,8,0,1
BRDA:114,8,1,7
BRDA:119,9,0,4
BRDA:119,9,1,3
BRDA:120,10,0,2
BRDA:120,10,1,2
BRDA:120,11,0,4
BRDA:120,11,1,2
BRDA:120,11,2,2
BRDA:120,11,3,2
BRDA:126,12,0,1
BRDA:126,12,1,1
BRDA:140,13,0,4
BRDA:140,13,1,1
BRDA:169,14,0,2
BRDA:169,14,1,0
BRDA:171,15,0,1
BRDA:171,15,1,1
BRDA:171,16,0,2
BRDA:171,16,1,1
BRDA:174,17,0,0
BRDA:174,17,1,1
BRDA:174,18,0,1
BRDA:174,18,1,0
BRDA:179,19,0,1
BRDA:179,19,1,0
BRDA:179,20,0,1
BRDA:179,20,1,1
BRDA:185,21,0,0
BRDA:185,21,1,0
BRDA:190,22,0,0
BRDA:190,22,1,3
BRDA:196,23,0,1
BRDA:196,23,1,2
BRDA:215,24,0,0
BRDA:215,24,1,2
BRDA:215,25,0,2
BRDA:215,25,1,2
BRDA:215,25,2,2
BRDA:219,26,0,1
BRDA:219,26,1,1
BRDA:223,27,0,0
BRDA:223,27,1,1
BRDA:238,28,0,0
BRDA:238,28,1,0
BRDA:246,29,0,0
BRDA:246,29,1,1
BRDA:256,30,0,0
BRDA:256,30,1,1
BRDA:266,31,0,0
BRDA:266,31,1,1
BRDA:271,32,0,1
BRDA:271,32,1,0
BRDA:273,33,0,1
BRDA:273,33,1,0
BRDA:279,34,0,0
BRDA:279,34,1,0
BRDA:282,35,0,0
BRDA:282,35,1,0
BRDA:282,36,0,0
BRDA:282,36,1,0
BRDA:289,37,0,0
BRDA:289,37,1,0
BRDA:291,38,0,0
BRDA:291,38,1,0
BRDA:302,39,0,0
BRDA:302,39,1,0
BRDA:312,40,0,0
BRDA:312,40,1,2
BRDA:312,41,0,2
BRDA:312,41,1,2
BRDA:312,41,2,2
BRDA:316,42,0,1
BRDA:316,42,1,1
BRDA:320,43,0,1
BRDA:320,43,1,0
BRDA:328,44,0,0
BRDA:328,44,1,0
BRDA:339,45,0,0
BRDA:339,45,1,0
BRDA:342,46,0,0
BRDA:342,46,1,0
BRF:100
BRH:60
end_of_record
TN:
SF:src\utils\logger.ts
FN:2,(anonymous_0)
FN:6,(anonymous_1)
FN:10,(anonymous_2)
FNF:3
FNH:3
FNDA:5,(anonymous_0)
FNDA:2,(anonymous_1)
FNDA:3,(anonymous_2)
DA:3,5
DA:7,2
DA:11,3
LF:3
LH:3
BRF:0
BRH:0
end_of_record
